{"C:\\Users\\moogl\\OneDrive\\Dokument\\Restory Scandinavia\\Enkoping\\jestExample\\sum.js": {"path":"C:\\Users\\moogl\\OneDrive\\Dokument\\Restory Scandinavia\\Enkoping\\jestExample\\sum.js","statementMap":{"0":{"start":{"line":5,"column":2},"end":{"line":7,"column":3}},"1":{"start":{"line":6,"column":4},"end":{"line":6,"column":11}},"2":{"start":{"line":10,"column":2},"end":{"line":12,"column":3}},"3":{"start":{"line":11,"column":4},"end":{"line":11,"column":11}},"4":{"start":{"line":15,"column":14},"end":{"line":15,"column":19}},"5":{"start":{"line":17,"column":2},"end":{"line":17,"column":12}},"6":{"start":{"line":20,"column":0},"end":{"line":20,"column":20}}},"fnMap":{"0":{"name":"sum","decl":{"start":{"line":2,"column":9},"end":{"line":2,"column":12}},"loc":{"start":{"line":2,"column":19},"end":{"line":18,"column":1}},"line":2}},"branchMap":{"0":{"loc":{"start":{"line":5,"column":2},"end":{"line":7,"column":3}},"type":"if","locations":[{"start":{"line":5,"column":2},"end":{"line":7,"column":3}},{"start":{},"end":{}}],"line":5},"1":{"loc":{"start":{"line":10,"column":2},"end":{"line":12,"column":3}},"type":"if","locations":[{"start":{"line":10,"column":2},"end":{"line":12,"column":3}},{"start":{},"end":{}}],"line":10}},"s":{"0":3,"1":0,"2":3,"3":0,"4":3,"5":3,"6":1},"f":{"0":3},"b":{"0":[0,3],"1":[0,3]},"_coverageSchema":"1a1c01bbd47fc00a2c39e90264f33305004495a9","hash":"d75769d72df81559a55a23742e370a088d65c33a"}
}
